<?xml version="1.0" encoding="UTF-8"?>
<!-- Generated by org.testng.reporters.JUnitXMLReporter -->
<testsuite hostname="win7-x64" name="TextValidationTestCase" tests="1" failures="1" timestamp="10 Jul 2018 11:35:42 GMT" time="9.447" errors="0">
  <testcase name="checkTextValidation" time="0.857" classname="OnlineBanking.TextValidationTestCase">
    <failure type="java.lang.AssertionError" message="expected [Cyclos 4 Dem[ but found ]]">
      <![CDATA[java.lang.AssertionError: expected [Cyclos 4 Dem[ but found ]]
	at OnlineBanking.TextValidationTestCase.checkTextValidation(TextValidationTestCase.java:35)
... Removed 29 stack frames]]>
    </failure>
  </testcase> <!-- checkTextValidation -->
</testsuite> <!-- TextValidationTestCase -->
