<?xml version="1.0" encoding="UTF-8"?>
<!-- Generated by org.testng.reporters.JUnitXMLReporter -->
<testsuite hostname="win7-x64" name="TextValidationTestCase" tests="1" failures="1" timestamp="11 Jul 2018 09:02:08 GMT" time="15.062" errors="0">
  <testcase name="checkTextValidation" time="1.682" classname="OnlineBanking.TextValidationTestCase">
    <failure type="java.lang.AssertionError" message="expected [Cyclos 4 Dem] but found [Cyclos 4 Demo]">
      <![CDATA[java.lang.AssertionError: expected [Cyclos 4 Dem] but found [Cyclos 4 Demo]
	at OnlineBanking.TextValidationTestCase.checkTextValidation(TextValidationTestCase.java:35)
	at org.apache.maven.surefire.testng.TestNGExecutor.run(TestNGExecutor.java:283)
	at org.apache.maven.surefire.testng.TestNGXmlTestSuite.execute(TestNGXmlTestSuite.java:75)
	at org.apache.maven.surefire.testng.TestNGProvider.invoke(TestNGProvider.java:120)
	at org.apache.maven.surefire.booter.ForkedBooter.invokeProviderInSameClassLoader(ForkedBooter.java:383)
	at org.apache.maven.surefire.booter.ForkedBooter.runSuitesInProcess(ForkedBooter.java:344)
	at org.apache.maven.surefire.booter.ForkedBooter.execute(ForkedBooter.java:125)
	at org.apache.maven.surefire.booter.ForkedBooter.main(ForkedBooter.java:417)
... Removed 26 stack frames]]>
    </failure>
  </testcase> <!-- checkTextValidation -->
</testsuite> <!-- TextValidationTestCase -->
