<?xml version="1.0" encoding="UTF-8"?>
<testng-results skipped="0" failed="1" total="5" passed="4">
  <reporter-output>
  </reporter-output>
  <suite name="Suite" duration-ms="57688" started-at="2018-07-11T09:01:25Z" finished-at="2018-07-11T09:02:23Z">
    <groups>
    </groups>
    <test name="LoginPageTestCase" duration-ms="16714" started-at="2018-07-11T09:01:25Z" finished-at="2018-07-11T09:01:42Z">
      <class name="OnlineBanking.LoginPageTestCase">
        <test-method status="PASS" signature="lunchDriver()[pri:0, instance:OnlineBanking.LoginPageTestCase@3c407114]" name="lunchDriver" is-config="true" duration-ms="11663" started-at="2018-07-11T05:01:25Z" finished-at="2018-07-11T05:01:37Z">
          <reporter-output>
          </reporter-output>
        </test-method> <!-- lunchDriver -->
        <test-method status="PASS" signature="loginPage(java.lang.String, java.lang.String)[pri:0, instance:OnlineBanking.LoginPageTestCase@3c407114]" name="loginPage" duration-ms="3797" started-at="2018-07-11T05:01:37Z" data-provider="getData" finished-at="2018-07-11T05:01:41Z">
          <params>
            <param index="0">
              <value>
                <![CDATA[demo]]>
              </value>
            </param>
            <param index="1">
              <value>
                <![CDATA[1234]]>
              </value>
            </param>
          </params>
          <reporter-output>
          </reporter-output>
        </test-method> <!-- loginPage -->
        <test-method status="PASS" signature="loginPage(java.lang.String, java.lang.String)[pri:0, instance:OnlineBanking.LoginPageTestCase@3c407114]" name="loginPage" duration-ms="640" started-at="2018-07-11T05:01:41Z" data-provider="getData" finished-at="2018-07-11T05:01:41Z">
          <params>
            <param index="0">
              <value>
                <![CDATA[demo2]]>
              </value>
            </param>
            <param index="1">
              <value>
                <![CDATA[1234]]>
              </value>
            </param>
          </params>
          <reporter-output>
          </reporter-output>
        </test-method> <!-- loginPage -->
        <test-method status="PASS" signature="tearDown()[pri:0, instance:OnlineBanking.LoginPageTestCase@3c407114]" name="tearDown" is-config="true" duration-ms="404" started-at="2018-07-11T05:01:41Z" finished-at="2018-07-11T05:01:42Z">
          <reporter-output>
          </reporter-output>
        </test-method> <!-- tearDown -->
      </class> <!-- OnlineBanking.LoginPageTestCase -->
    </test> <!-- LoginPageTestCase -->
    <test name="PageFooterValidationTestCase" duration-ms="10615" started-at="2018-07-11T09:01:42Z" finished-at="2018-07-11T09:01:52Z">
      <class name="OnlineBanking.PageFooterValidationTestCase">
        <test-method status="PASS" signature="lunchDriver()[pri:0, instance:OnlineBanking.PageFooterValidationTestCase@6e171cd7]" name="lunchDriver" is-config="true" duration-ms="8545" started-at="2018-07-11T05:01:42Z" finished-at="2018-07-11T05:01:50Z">
          <reporter-output>
          </reporter-output>
        </test-method> <!-- lunchDriver -->
        <test-method status="PASS" signature="getFooter()[pri:0, instance:OnlineBanking.PageFooterValidationTestCase@6e171cd7]" name="getFooter" duration-ms="1584" started-at="2018-07-11T05:01:50Z" finished-at="2018-07-11T05:01:52Z">
          <reporter-output>
          </reporter-output>
        </test-method> <!-- getFooter -->
        <test-method status="PASS" signature="tearDown()[pri:0, instance:OnlineBanking.PageFooterValidationTestCase@6e171cd7]" name="tearDown" is-config="true" duration-ms="485" started-at="2018-07-11T05:01:52Z" finished-at="2018-07-11T05:01:52Z">
          <reporter-output>
          </reporter-output>
        </test-method> <!-- tearDown -->
      </class> <!-- OnlineBanking.PageFooterValidationTestCase -->
    </test> <!-- PageFooterValidationTestCase -->
    <test name="TextValidationTestCase" duration-ms="15062" started-at="2018-07-11T09:01:52Z" finished-at="2018-07-11T09:02:07Z">
      <class name="OnlineBanking.TextValidationTestCase">
        <test-method status="PASS" signature="lunchDriver()[pri:0, instance:OnlineBanking.TextValidationTestCase@384ad17b]" name="lunchDriver" is-config="true" duration-ms="9452" started-at="2018-07-11T05:01:52Z" finished-at="2018-07-11T05:02:02Z">
          <reporter-output>
          </reporter-output>
        </test-method> <!-- lunchDriver -->
        <test-method status="FAIL" signature="checkTextValidation()[pri:0, instance:OnlineBanking.TextValidationTestCase@384ad17b]" name="checkTextValidation" duration-ms="1682" started-at="2018-07-11T05:02:02Z" finished-at="2018-07-11T05:02:03Z">
          <exception class="java.lang.AssertionError">
            <message>
              <![CDATA[expected [Cyclos 4 Dem] but found [Cyclos 4 Demo]]]>
            </message>
            <full-stacktrace>
              <![CDATA[java.lang.AssertionError: expected [Cyclos 4 Dem] but found [Cyclos 4 Demo]
	at org.testng.Assert.fail(Assert.java:94)
	at org.testng.Assert.failNotEquals(Assert.java:494)
	at org.testng.Assert.assertEquals(Assert.java:123)
	at org.testng.Assert.assertEquals(Assert.java:176)
	at org.testng.Assert.assertEquals(Assert.java:186)
	at OnlineBanking.TextValidationTestCase.checkTextValidation(TextValidationTestCase.java:35)
	at sun.reflect.NativeMethodAccessorImpl.invoke0(Native Method)
	at sun.reflect.NativeMethodAccessorImpl.invoke(Unknown Source)
	at sun.reflect.DelegatingMethodAccessorImpl.invoke(Unknown Source)
	at java.lang.reflect.Method.invoke(Unknown Source)
	at org.testng.internal.MethodInvocationHelper.invokeMethod(MethodInvocationHelper.java:80)
	at org.testng.internal.Invoker.invokeMethod(Invoker.java:714)
	at org.testng.internal.Invoker.invokeTestMethod(Invoker.java:901)
	at org.testng.internal.Invoker.invokeTestMethods(Invoker.java:1231)
	at org.testng.internal.TestMethodWorker.invokeTestMethods(TestMethodWorker.java:127)
	at org.testng.internal.TestMethodWorker.run(TestMethodWorker.java:111)
	at org.testng.TestRunner.privateRun(TestRunner.java:767)
	at org.testng.TestRunner.run(TestRunner.java:617)
	at org.testng.SuiteRunner.runTest(SuiteRunner.java:334)
	at org.testng.SuiteRunner.runSequentially(SuiteRunner.java:329)
	at org.testng.SuiteRunner.privateRun(SuiteRunner.java:291)
	at org.testng.SuiteRunner.run(SuiteRunner.java:240)
	at org.testng.SuiteRunnerWorker.runSuite(SuiteRunnerWorker.java:52)
	at org.testng.SuiteRunnerWorker.run(SuiteRunnerWorker.java:86)
	at org.testng.TestNG.runSuitesSequentially(TestNG.java:1198)
	at org.testng.TestNG.runSuitesLocally(TestNG.java:1123)
	at org.testng.TestNG.run(TestNG.java:1031)
	at org.apache.maven.surefire.testng.TestNGExecutor.run(TestNGExecutor.java:283)
	at org.apache.maven.surefire.testng.TestNGXmlTestSuite.execute(TestNGXmlTestSuite.java:75)
	at org.apache.maven.surefire.testng.TestNGProvider.invoke(TestNGProvider.java:120)
	at org.apache.maven.surefire.booter.ForkedBooter.invokeProviderInSameClassLoader(ForkedBooter.java:383)
	at org.apache.maven.surefire.booter.ForkedBooter.runSuitesInProcess(ForkedBooter.java:344)
	at org.apache.maven.surefire.booter.ForkedBooter.execute(ForkedBooter.java:125)
	at org.apache.maven.surefire.booter.ForkedBooter.main(ForkedBooter.java:417)
]]>
            </full-stacktrace>
          </exception> <!-- java.lang.AssertionError -->
          <reporter-output>
          </reporter-output>
        </test-method> <!-- checkTextValidation -->
        <test-method status="PASS" signature="tearDown()[pri:0, instance:OnlineBanking.TextValidationTestCase@384ad17b]" name="tearDown" is-config="true" duration-ms="2219" started-at="2018-07-11T05:02:05Z" finished-at="2018-07-11T05:02:07Z">
          <reporter-output>
          </reporter-output>
        </test-method> <!-- tearDown -->
      </class> <!-- OnlineBanking.TextValidationTestCase -->
    </test> <!-- TextValidationTestCase -->
    <test name="HomePageTestCase" duration-ms="14990" started-at="2018-07-11T09:02:08Z" finished-at="2018-07-11T09:02:23Z">
      <class name="OnlineBanking.HomePageTestCase">
        <test-method status="PASS" signature="initialiseBrowser()[pri:0, instance:OnlineBanking.HomePageTestCase@14dd9eb7]" name="initialiseBrowser" is-config="true" duration-ms="8946" started-at="2018-07-11T05:02:08Z" finished-at="2018-07-11T05:02:16Z">
          <reporter-output>
          </reporter-output>
        </test-method> <!-- initialiseBrowser -->
        <test-method status="PASS" signature="basePageNavigation()[pri:0, instance:OnlineBanking.HomePageTestCase@14dd9eb7]" name="basePageNavigation" duration-ms="3149" started-at="2018-07-11T05:02:16Z" finished-at="2018-07-11T05:02:20Z">
          <reporter-output>
          </reporter-output>
        </test-method> <!-- basePageNavigation -->
        <test-method status="PASS" signature="tearDown()[pri:0, instance:OnlineBanking.HomePageTestCase@14dd9eb7]" name="tearDown" is-config="true" duration-ms="2894" started-at="2018-07-11T05:02:20Z" finished-at="2018-07-11T05:02:23Z">
          <reporter-output>
          </reporter-output>
        </test-method> <!-- tearDown -->
      </class> <!-- OnlineBanking.HomePageTestCase -->
    </test> <!-- HomePageTestCase -->
  </suite> <!-- Suite -->
</testng-results>
