<?xml version="1.0" encoding="UTF-8"?>
<testng-results skipped="0" failed="1" total="5" passed="4">
  <reporter-output>
  </reporter-output>
  <suite name="Suite" duration-ms="39609" started-at="2018-07-10T11:35:11Z" finished-at="2018-07-10T11:35:51Z">
    <groups>
    </groups>
    <test name="LoginPageTestCase" duration-ms="11880" started-at="2018-07-10T11:35:11Z" finished-at="2018-07-10T11:35:23Z">
      <class name="OnlineBanking.LoginPageTestCase">
        <test-method status="PASS" signature="lunchDriver()[pri:0, instance:OnlineBanking.LoginPageTestCase@7ee955a8]" name="lunchDriver" is-config="true" duration-ms="7365" started-at="2018-07-10T07:35:11Z" finished-at="2018-07-10T07:35:18Z">
          <reporter-output>
          </reporter-output>
        </test-method> <!-- lunchDriver -->
        <test-method status="PASS" signature="loginPageTest(java.lang.String, java.lang.String)[pri:0, instance:OnlineBanking.LoginPageTestCase@7ee955a8]" name="loginPageTest" duration-ms="1882" started-at="2018-07-10T07:35:18Z" data-provider="getData" finished-at="2018-07-10T07:35:20Z">
          <params>
            <param index="0">
              <value>
                <![CDATA[demo]]>
              </value>
            </param>
            <param index="1">
              <value>
                <![CDATA[1234]]>
              </value>
            </param>
          </params>
          <reporter-output>
          </reporter-output>
        </test-method> <!-- loginPageTest -->
        <test-method status="PASS" signature="loginPageTest(java.lang.String, java.lang.String)[pri:0, instance:OnlineBanking.LoginPageTestCase@7ee955a8]" name="loginPageTest" duration-ms="350" started-at="2018-07-10T07:35:20Z" data-provider="getData" finished-at="2018-07-10T07:35:21Z">
          <params>
            <param index="0">
              <value>
                <![CDATA[demo2]]>
              </value>
            </param>
            <param index="1">
              <value>
                <![CDATA[1234]]>
              </value>
            </param>
          </params>
          <reporter-output>
          </reporter-output>
        </test-method> <!-- loginPageTest -->
        <test-method status="PASS" signature="tearDown()[pri:0, instance:OnlineBanking.LoginPageTestCase@7ee955a8]" name="tearDown" is-config="true" duration-ms="2257" started-at="2018-07-10T07:35:21Z" finished-at="2018-07-10T07:35:23Z">
          <reporter-output>
          </reporter-output>
        </test-method> <!-- tearDown -->
      </class> <!-- OnlineBanking.LoginPageTestCase -->
    </test> <!-- LoginPageTestCase -->
    <test name="PageFooterValidationTestCase" duration-ms="9300" started-at="2018-07-10T11:35:23Z" finished-at="2018-07-10T11:35:32Z">
      <class name="OnlineBanking.PageFooterValidationTestCase">
        <test-method status="PASS" signature="lunchDriver()[pri:0, instance:OnlineBanking.PageFooterValidationTestCase@4690b489]" name="lunchDriver" is-config="true" duration-ms="5831" started-at="2018-07-10T07:35:23Z" finished-at="2018-07-10T07:35:29Z">
          <reporter-output>
          </reporter-output>
        </test-method> <!-- lunchDriver -->
        <test-method status="PASS" signature="getFooter()[pri:0, instance:OnlineBanking.PageFooterValidationTestCase@4690b489]" name="getFooter" duration-ms="1132" started-at="2018-07-10T07:35:29Z" finished-at="2018-07-10T07:35:30Z">
          <reporter-output>
          </reporter-output>
        </test-method> <!-- getFooter -->
        <test-method status="PASS" signature="tearDown()[pri:0, instance:OnlineBanking.PageFooterValidationTestCase@4690b489]" name="tearDown" is-config="true" duration-ms="2335" started-at="2018-07-10T07:35:30Z" finished-at="2018-07-10T07:35:32Z">
          <reporter-output>
          </reporter-output>
        </test-method> <!-- tearDown -->
      </class> <!-- OnlineBanking.PageFooterValidationTestCase -->
    </test> <!-- PageFooterValidationTestCase -->
    <test name="TextValidationTestCase" duration-ms="9447" started-at="2018-07-10T11:35:32Z" finished-at="2018-07-10T11:35:42Z">
      <class name="OnlineBanking.TextValidationTestCase">
        <test-method status="PASS" signature="lunchDriver()[pri:0, instance:OnlineBanking.TextValidationTestCase@3aefe5e5]" name="lunchDriver" is-config="true" duration-ms="5717" started-at="2018-07-10T07:35:32Z" finished-at="2018-07-10T07:35:38Z">
          <reporter-output>
          </reporter-output>
        </test-method> <!-- lunchDriver -->
        <test-method status="FAIL" signature="checkTextValidation()[pri:0, instance:OnlineBanking.TextValidationTestCase@3aefe5e5]" name="checkTextValidation" duration-ms="857" started-at="2018-07-10T07:35:38Z" finished-at="2018-07-10T07:35:39Z">
          <exception class="java.lang.AssertionError">
            <message>
              <![CDATA[expected [Cyclos 4 Dem[ but found ]]]]>
            </message>
            <full-stacktrace>
              <![CDATA[java.lang.AssertionError: expected [Cyclos 4 Dem[ but found ]]
	at org.testng.Assert.fail(Assert.java:94)
	at org.testng.Assert.failNotEquals(Assert.java:494)
	at org.testng.Assert.assertEquals(Assert.java:123)
	at org.testng.Assert.assertEquals(Assert.java:176)
	at org.testng.Assert.assertEquals(Assert.java:186)
	at OnlineBanking.TextValidationTestCase.checkTextValidation(TextValidationTestCase.java:35)
	at sun.reflect.NativeMethodAccessorImpl.invoke0(Native Method)
	at sun.reflect.NativeMethodAccessorImpl.invoke(NativeMethodAccessorImpl.java:62)
	at sun.reflect.DelegatingMethodAccessorImpl.invoke(DelegatingMethodAccessorImpl.java:43)
	at java.lang.reflect.Method.invoke(Method.java:498)
	at org.testng.internal.MethodInvocationHelper.invokeMethod(MethodInvocationHelper.java:80)
	at org.testng.internal.Invoker.invokeMethod(Invoker.java:714)
	at org.testng.internal.Invoker.invokeTestMethod(Invoker.java:901)
	at org.testng.internal.Invoker.invokeTestMethods(Invoker.java:1231)
	at org.testng.internal.TestMethodWorker.invokeTestMethods(TestMethodWorker.java:127)
	at org.testng.internal.TestMethodWorker.run(TestMethodWorker.java:111)
	at org.testng.TestRunner.privateRun(TestRunner.java:767)
	at org.testng.TestRunner.run(TestRunner.java:617)
	at org.testng.SuiteRunner.runTest(SuiteRunner.java:334)
	at org.testng.SuiteRunner.runSequentially(SuiteRunner.java:329)
	at org.testng.SuiteRunner.privateRun(SuiteRunner.java:291)
	at org.testng.SuiteRunner.run(SuiteRunner.java:240)
	at org.testng.SuiteRunnerWorker.runSuite(SuiteRunnerWorker.java:52)
	at org.testng.SuiteRunnerWorker.run(SuiteRunnerWorker.java:86)
	at org.testng.TestNG.runSuitesSequentially(TestNG.java:1197)
	at org.testng.TestNG.runSuitesLocally(TestNG.java:1122)
	at org.testng.TestNG.run(TestNG.java:1030)
	at org.testng.remote.RemoteTestNG.run(RemoteTestNG.java:111)
	at org.testng.remote.RemoteTestNG.initAndRun(RemoteTestNG.java:204)
	at org.testng.remote.RemoteTestNG.main(RemoteTestNG.java:175)
]]>
            </full-stacktrace>
          </exception> <!-- java.lang.AssertionError -->
          <reporter-output>
          </reporter-output>
        </test-method> <!-- checkTextValidation -->
        <test-method status="PASS" signature="tearDown()[pri:0, instance:OnlineBanking.TextValidationTestCase@3aefe5e5]" name="tearDown" is-config="true" duration-ms="2234" started-at="2018-07-10T07:35:39Z" finished-at="2018-07-10T07:35:42Z">
          <reporter-output>
          </reporter-output>
        </test-method> <!-- tearDown -->
      </class> <!-- OnlineBanking.TextValidationTestCase -->
    </test> <!-- TextValidationTestCase -->
    <test name="HomePageTestCase" duration-ms="8904" started-at="2018-07-10T11:35:42Z" finished-at="2018-07-10T11:35:51Z">
      <class name="OnlineBanking.HomePageTestCase">
        <test-method status="PASS" signature="initialiseBrowser()[pri:0, instance:OnlineBanking.HomePageTestCase@5be6e01c]" name="initialiseBrowser" is-config="true" duration-ms="5699" started-at="2018-07-10T07:35:42Z" finished-at="2018-07-10T07:35:47Z">
          <reporter-output>
          </reporter-output>
        </test-method> <!-- initialiseBrowser -->
        <test-method status="PASS" signature="basePageNavigation()[pri:0, instance:OnlineBanking.HomePageTestCase@5be6e01c]" name="basePageNavigation" duration-ms="917" started-at="2018-07-10T07:35:47Z" finished-at="2018-07-10T07:35:48Z">
          <reporter-output>
          </reporter-output>
        </test-method> <!-- basePageNavigation -->
        <test-method status="PASS" signature="tearDown()[pri:0, instance:OnlineBanking.HomePageTestCase@5be6e01c]" name="tearDown" is-config="true" duration-ms="2285" started-at="2018-07-10T07:35:48Z" finished-at="2018-07-10T07:35:51Z">
          <reporter-output>
          </reporter-output>
        </test-method> <!-- tearDown -->
      </class> <!-- OnlineBanking.HomePageTestCase -->
    </test> <!-- HomePageTestCase -->
  </suite> <!-- Suite -->
</testng-results>
